>>SEED: 2020
====================================================
loading [./data/gowalla]
====================================================
810128 interactions for training
217242 interactions for testing
gowalla Sparsity : 0.0008396216228570436
gowalla is ready to go
===========config================
{'A_n_fold': 100,
 'A_split': False,
 'K': 3,
 'args': Namespace(K=3, a_fold=100, alpha=0.3, alpha1=0.25, alpha2=0.25, avg=0, beta=0.5, bpr_batch=2048, comment='gtn', dataset='gowalla', debug=True, decay=0.0001, dropout=0, epochs=1000, gamma=1, gcn_model='GTN', gpu_id=0, incnorm_para=True, keepprob=0.6, lambda2=4.0, layer=3, load=0, lr=0.001, model='gtn', multicore=1, ogb=True, path='./checkpoints', pretrain=0, prop_dropout=0.1, recdim=128, seed=2020, tensorboard=0, testbatch=100, topks='[20]'),
 'bigdata': False,
 'bpr_batch_size': 2048,
 'dataset': 'gowalla',
 'decay': 0.0001,
 'dropout': 0,
 'epochs': 1000,
 'keep_prob': 0.6,
 'lambda2': 4.0,
 'latent_dim_rec': 128,
 'lr': 0.001,
 'multicore': 1,
 'pretrain': 0,
 'test_u_batch_size': 100}
cores for test: 24
comment: gtn
tensorboard: 0
LOAD: 0
Weight path: ./checkpoints
Test Topks: [20]
using bpr loss
===========end===================
loading adjacency matrix
successfully loaded...
lgn is already to go(dropout:0)
====================================================
not enable tensorflowboard
====================================================
Namespace(K=3, a_fold=100, alpha=0.3, alpha1=0.25, alpha2=0.25, avg=0, beta=0.5, bpr_batch=2048, comment='gtn', dataset='gowalla', debug=True, decay=0.0001, dropout=0, epochs=1000, gamma=1, gcn_model='GTN', gpu_id=0, incnorm_para=True, keepprob=0.6, lambda2=4.0, layer=3, load=0, lr=0.001, model='gtn', multicore=1, ogb=True, path='./checkpoints', pretrain=0, prop_dropout=0.1, recdim=128, seed=2020, tensorboard=0, testbatch=100, topks='[20]')
EPOCH[1/1000] loss 0.1452  0.1449  0.0003 - |Sample:8.68|  |  00:42mins
EPOCH[2/1000] loss 0.0718  0.0714  0.0003 - |Sample:8.74|  |  00:41mins
EPOCH[3/1000] loss 0.0614  0.0610  0.0004 - |Sample:8.56|  |  00:41mins
EPOCH[4/1000] loss 0.0557  0.0553  0.0004 - |Sample:8.50|  |  00:41mins
EPOCH[5/1000] loss 0.0511  0.0506  0.0005 - |Sample:8.46|  |  00:41mins
EPOCH[6/1000] loss 0.0480  0.0475  0.0005 - |Sample:8.19|  |  00:41mins
EPOCH[7/1000] loss 0.0458  0.0453  0.0005 - |Sample:8.60|  |  00:41mins
EPOCH[8/1000] loss 0.0440  0.0434  0.0006 - |Sample:8.41|  |  00:41mins
EPOCH[9/1000] loss 0.0421  0.0415  0.0006 - |Sample:8.66|  |  00:41mins
EPOCH[10/1000] loss 0.0399  0.0392  0.0007 - |Sample:8.44|  |  00:41mins
====================================================
[TEST]
====================================================
Testing EPOCH[11/1000] | Results Top-k (pre, recall, ndcg): 0.04373, 0.14928, 0.11605
EPOCH[11/1000] loss 0.0384  0.0377  0.0007 - |Sample:8.69|  |  00:57mins
EPOCH[12/1000] loss 0.0366  0.0359  0.0008 - |Sample:8.55|  |  00:41mins
EPOCH[13/1000] loss 0.0357  0.0349  0.0008 - |Sample:8.49|  |  00:41mins
EPOCH[14/1000] loss 0.0354  0.0345  0.0009 - |Sample:8.49|  |  00:41mins
EPOCH[15/1000] loss 0.0341  0.0332  0.0009 - |Sample:8.50|  |  00:41mins
EPOCH[16/1000] loss 0.0330  0.0320  0.0010 - |Sample:9.38|  |  00:42mins
EPOCH[17/1000] loss 0.0322  0.0312  0.0010 - |Sample:8.68|  |  00:41mins
EPOCH[18/1000] loss 0.0313  0.0302  0.0011 - |Sample:8.89|  |  00:41mins
EPOCH[19/1000] loss 0.0306  0.0295  0.0011 - |Sample:8.27|  |  00:41mins
EPOCH[20/1000] loss 0.0297  0.0285  0.0012 - |Sample:8.69|  |  00:41mins
====================================================
[TEST]
====================================================
Testing EPOCH[21/1000] | Results Top-k (pre, recall, ndcg): 0.04697, 0.15952, 0.12617
EPOCH[21/1000] loss 0.0298  0.0286  0.0012 - |Sample:8.50|  |  00:57mins
EPOCH[22/1000] loss 0.0294  0.0281  0.0013 - |Sample:8.52|  |  00:41mins
EPOCH[23/1000] loss 0.0286  0.0273  0.0013 - |Sample:9.05|  |  00:42mins
EPOCH[24/1000] loss 0.0282  0.0268  0.0014 - |Sample:8.66|  |  00:41mins
EPOCH[25/1000] loss 0.0275  0.0261  0.0014 - |Sample:8.75|  |  00:41mins
EPOCH[26/1000] loss 0.0275  0.0260  0.0015 - |Sample:8.23|  |  00:41mins
EPOCH[27/1000] loss 0.0266  0.0250  0.0016 - |Sample:8.70|  |  00:41mins
EPOCH[28/1000] loss 0.0266  0.0250  0.0016 - |Sample:8.51|  |  00:41mins
EPOCH[29/1000] loss 0.0264  0.0247  0.0017 - |Sample:8.50|  |  00:41mins
EPOCH[30/1000] loss 0.0255  0.0238  0.0017 - |Sample:8.48|  |  00:41mins
====================================================
[TEST]
====================================================
Testing EPOCH[31/1000] | Results Top-k (pre, recall, ndcg): 0.04903, 0.16547, 0.13252
EPOCH[31/1000] loss 0.0257  0.0239  0.0018 - |Sample:8.69|  |  00:57mins
EPOCH[32/1000] loss 0.0255  0.0236  0.0019 - |Sample:8.67|  |  00:41mins
EPOCH[33/1000] loss 0.0253  0.0234  0.0019 - |Sample:8.50|  |  00:41mins
EPOCH[34/1000] loss 0.0247  0.0227  0.0020 - |Sample:8.68|  |  00:41mins
EPOCH[35/1000] loss 0.0243  0.0223  0.0020 - |Sample:8.24|  |  00:41mins
EPOCH[36/1000] loss 0.0246  0.0225  0.0021 - |Sample:8.65|  |  00:41mins
EPOCH[37/1000] loss 0.0240  0.0219  0.0022 - |Sample:8.50|  |  00:41mins
EPOCH[38/1000] loss 0.0237  0.0215  0.0022 - |Sample:8.69|  |  00:41mins
EPOCH[39/1000] loss 0.0237  0.0214  0.0023 - |Sample:8.63|  |  00:41mins
EPOCH[40/1000] loss 0.0234  0.0211  0.0024 - |Sample:8.51|  |  00:41mins
====================================================
[TEST]
====================================================
Testing EPOCH[41/1000] | Results Top-k (pre, recall, ndcg): 0.0498, 0.16864, 0.13536
EPOCH[41/1000] loss 0.0232  0.0208  0.0024 - |Sample:8.49|  |  00:57mins
EPOCH[42/1000] loss 0.0227  0.0202  0.0025 - |Sample:8.51|  |  00:41mins
EPOCH[43/1000] loss 0.0226  0.0201  0.0025 - |Sample:8.72|  |  00:41mins
EPOCH[44/1000] loss 0.0228  0.0202  0.0026 - |Sample:8.51|  |  00:41mins
EPOCH[45/1000] loss 0.0225  0.0198  0.0027 - |Sample:8.48|  |  00:41mins
EPOCH[46/1000] loss 0.0225  0.0197  0.0027 - |Sample:8.85|  |  00:41mins
EPOCH[47/1000] loss 0.0223  0.0195  0.0028 - |Sample:8.67|  |  00:41mins
EPOCH[48/1000] loss 0.0222  0.0193  0.0029 - |Sample:8.64|  |  00:41mins
EPOCH[49/1000] loss 0.0226  0.0197  0.0029 - |Sample:8.68|  |  00:41mins
EPOCH[50/1000] loss 0.0221  0.0191  0.0030 - |Sample:8.69|  |  00:41mins
====================================================
[TEST]
====================================================
Testing EPOCH[51/1000] | Results Top-k (pre, recall, ndcg): 0.05087, 0.17172, 0.13854
EPOCH[51/1000] loss 0.0219  0.0188  0.0031 - |Sample:8.38|  |  00:57mins
EPOCH[52/1000] loss 0.0216  0.0184  0.0031 - |Sample:9.04|  |  00:42mins
EPOCH[53/1000] loss 0.0213  0.0180  0.0032 - |Sample:8.52|  |  00:41mins
EPOCH[54/1000] loss 0.0218  0.0185  0.0033 - |Sample:8.49|  |  00:41mins
EPOCH[55/1000] loss 0.0220  0.0187  0.0034 - |Sample:8.52|  |  00:41mins
EPOCH[56/1000] loss 0.0217  0.0183  0.0034 - |Sample:8.44|  |  00:41mins
EPOCH[57/1000] loss 0.0218  0.0183  0.0035 - |Sample:8.70|  |  00:41mins
EPOCH[58/1000] loss 0.0211  0.0176  0.0036 - |Sample:8.25|  |  00:41mins
EPOCH[59/1000] loss 0.0220  0.0184  0.0036 - |Sample:8.64|  |  00:41mins
EPOCH[60/1000] loss 0.0211  0.0174  0.0037 - |Sample:8.69|  |  00:41mins
====================================================
[TEST]
====================================================
Testing EPOCH[61/1000] | Results Top-k (pre, recall, ndcg): 0.05136, 0.17349, 0.14059
EPOCH[61/1000] loss 0.0212  0.0174  0.0038 - |Sample:8.70|  |  00:57mins
EPOCH[62/1000] loss 0.0214  0.0176  0.0038 - |Sample:8.56|  |  00:41mins
EPOCH[63/1000] loss 0.0214  0.0175  0.0039 - |Sample:8.51|  |  00:41mins
EPOCH[64/1000] loss 0.0213  0.0173  0.0040 - |Sample:8.47|  |  00:41mins
EPOCH[65/1000] loss 0.0215  0.0174  0.0040 - |Sample:8.47|  |  00:41mins
EPOCH[66/1000] loss 0.0214  0.0173  0.0041 - |Sample:8.68|  |  00:41mins
EPOCH[67/1000] loss 0.0212  0.0170  0.0042 - |Sample:8.73|  |  00:41mins
EPOCH[68/1000] loss 0.0211  0.0169  0.0042 - |Sample:8.53|  |  00:41mins
EPOCH[69/1000] loss 0.0213  0.0170  0.0043 - |Sample:8.54|  |  00:41mins
EPOCH[70/1000] loss 0.0213  0.0169  0.0044 - |Sample:8.49|  |  00:41mins
====================================================
[TEST]
====================================================
Testing EPOCH[71/1000] | Results Top-k (pre, recall, ndcg): 0.05189, 0.17465, 0.14199
EPOCH[71/1000] loss 0.0213  0.0169  0.0044 - |Sample:8.48|  |  00:57mins
EPOCH[72/1000] loss 0.0215  0.0169  0.0045 - |Sample:8.50|  |  00:41mins
EPOCH[73/1000] loss 0.0209  0.0163  0.0046 - |Sample:8.77|  |  00:41mins
EPOCH[74/1000] loss 0.0214  0.0168  0.0046 - |Sample:8.49|  |  00:41mins
EPOCH[75/1000] loss 0.0214  0.0167  0.0047 - |Sample:8.72|  |  00:41mins
EPOCH[76/1000] loss 0.0211  0.0163  0.0048 - |Sample:8.55|  |  00:41mins
EPOCH[77/1000] loss 0.0216  0.0168  0.0048 - |Sample:8.51|  |  00:41mins
EPOCH[78/1000] loss 0.0210  0.0161  0.0049 - |Sample:8.45|  |  00:41mins
EPOCH[79/1000] loss 0.0212  0.0162  0.0050 - |Sample:8.55|  |  00:41mins
EPOCH[80/1000] loss 0.0208  0.0158  0.0050 - |Sample:8.55|  |  00:41mins
====================================================
[TEST]
====================================================
Testing EPOCH[81/1000] | Results Top-k (pre, recall, ndcg): 0.052, 0.17506, 0.14227
EPOCH[81/1000] loss 0.0212  0.0161  0.0051 - |Sample:8.68|  |  00:57mins
EPOCH[82/1000] loss 0.0216  0.0165  0.0052 - |Sample:8.84|  |  00:41mins
EPOCH[83/1000] loss 0.0216  0.0163  0.0052 - |Sample:8.54|  |  00:41mins
EPOCH[84/1000] loss 0.0212  0.0159  0.0053 - |Sample:8.44|  |  00:41mins
EPOCH[85/1000] loss 0.0214  0.0160  0.0054 - |Sample:8.51|  |  00:41mins
EPOCH[86/1000] loss 0.0214  0.0159  0.0054 - |Sample:8.51|  |  00:41mins
EPOCH[87/1000] loss 0.0214  0.0159  0.0055 - |Sample:8.45|  |  00:41mins
EPOCH[88/1000] loss 0.0214  0.0158  0.0056 - |Sample:8.92|  |  00:41mins
EPOCH[89/1000] loss 0.0215  0.0158  0.0056 - |Sample:8.95|  |  00:41mins
EPOCH[90/1000] loss 0.0216  0.0160  0.0057 - |Sample:8.33|  |  00:41mins
====================================================
[TEST]
====================================================
Testing EPOCH[91/1000] | Results Top-k (pre, recall, ndcg): 0.05218, 0.17544, 0.1427
EPOCH[91/1000] loss 0.0215  0.0158  0.0057 - |Sample:8.73|  |  00:57mins
EPOCH[92/1000] loss 0.0214  0.0156  0.0058 - |Sample:8.51|  |  00:41mins
EPOCH[93/1000] loss 0.0213  0.0155  0.0059 - |Sample:8.50|  |  00:41mins
EPOCH[94/1000] loss 0.0216  0.0157  0.0059 - |Sample:8.50|  |  00:41mins
EPOCH[95/1000] loss 0.0215  0.0155  0.0060 - |Sample:8.94|  |  00:41mins
EPOCH[96/1000] loss 0.0214  0.0154  0.0060 - |Sample:8.71|  |  00:41mins
EPOCH[97/1000] loss 0.0216  0.0155  0.0061 - |Sample:8.91|  |  00:41mins
EPOCH[98/1000] loss 0.0221  0.0159  0.0062 - |Sample:8.27|  |  00:41mins
EPOCH[99/1000] loss 0.0217  0.0155  0.0062 - |Sample:8.75|  |  00:41mins
EPOCH[100/1000] loss 0.0223  0.0160  0.0063 - |Sample:8.54|  |  00:41mins
====================================================
[TEST]
====================================================
Testing EPOCH[101/1000] | Results Top-k (pre, recall, ndcg): 0.05236, 0.1759, 0.14355
EPOCH[101/1000] loss 0.0219  0.0155  0.0063 - |Sample:8.53|  |  00:57mins
EPOCH[102/1000] loss 0.0216  0.0152  0.0064 - |Sample:8.53|  |  00:41mins
EPOCH[103/1000] loss 0.0217  0.0153  0.0065 - |Sample:8.74|  |  00:41mins
EPOCH[104/1000] loss 0.0217  0.0152  0.0065 - |Sample:8.53|  |  00:41mins
EPOCH[105/1000] loss 0.0219  0.0154  0.0066 - |Sample:8.50|  |  00:41mins
EPOCH[106/1000] loss 0.0220  0.0154  0.0066 - |Sample:8.28|  |  00:41mins
EPOCH[107/1000] loss 0.0220  0.0154  0.0067 - |Sample:8.71|  |  00:41mins
EPOCH[108/1000] loss 0.0222  0.0155  0.0067 - |Sample:8.51|  |  00:41mins
EPOCH[109/1000] loss 0.0221  0.0153  0.0068 - |Sample:8.46|  |  00:41mins
EPOCH[110/1000] loss 0.0221  0.0153  0.0068 - |Sample:8.63|  |  00:41mins
====================================================
[TEST]
====================================================
Testing EPOCH[111/1000] | Results Top-k (pre, recall, ndcg): 0.05232, 0.17635, 0.14369
EPOCH[111/1000] loss 0.0219  0.0150  0.0069 - |Sample:8.93|  |  00:57mins
EPOCH[112/1000] loss 0.0221  0.0152  0.0070 - |Sample:8.30|  |  00:41mins
EPOCH[113/1000] loss 0.0223  0.0153  0.0070 - |Sample:8.70|  |  00:41mins
EPOCH[114/1000] loss 0.0227  0.0156  0.0071 - |Sample:8.53|  |  00:41mins
EPOCH[115/1000] loss 0.0224  0.0153  0.0071 - |Sample:8.53|  |  00:41mins
EPOCH[116/1000] loss 0.0227  0.0155  0.0072 - |Sample:8.51|  |  00:41mins
EPOCH[117/1000] loss 0.0225  0.0153  0.0072 - |Sample:8.74|  |  00:41mins
EPOCH[118/1000] loss 0.0225  0.0153  0.0073 - |Sample:8.61|  |  00:41mins
EPOCH[119/1000] loss 0.0227  0.0154  0.0073 - |Sample:8.70|  |  00:41mins
EPOCH[120/1000] loss 0.0226  0.0153  0.0074 - |Sample:8.52|  |  00:41mins
====================================================
[TEST]
====================================================
Testing EPOCH[121/1000] | Results Top-k (pre, recall, ndcg): 0.05245, 0.17668, 0.144
EPOCH[121/1000] loss 0.0225  0.0151  0.0074 - |Sample:8.50|  |  00:57mins
EPOCH[122/1000] loss 0.0226  0.0151  0.0075 - |Sample:8.58|  |  00:41mins
EPOCH[123/1000] loss 0.0227  0.0151  0.0075 - |Sample:8.52|  |  00:41mins
EPOCH[124/1000] loss 0.0225  0.0149  0.0076 - |Sample:8.79|  |  00:41mins
EPOCH[125/1000] loss 0.0228  0.0151  0.0076 - |Sample:8.55|  |  00:41mins
EPOCH[126/1000] loss 0.0229  0.0152  0.0077 - |Sample:8.31|  |  00:41mins
EPOCH[127/1000] loss 0.0228  0.0151  0.0077 - |Sample:8.79|  |  00:41mins
EPOCH[128/1000] loss 0.0231  0.0153  0.0078 - |Sample:8.55|  |  00:41mins
EPOCH[129/1000] loss 0.0230  0.0152  0.0078 - |Sample:8.58|  |  00:41mins
EPOCH[130/1000] loss 0.0235  0.0156  0.0079 - |Sample:8.23|  |  00:41mins
====================================================
[TEST]
====================================================
Testing EPOCH[131/1000] | Results Top-k (pre, recall, ndcg): 0.05249, 0.17678, 0.1441
EPOCH[131/1000] loss 0.0229  0.0150  0.0079 - |Sample:8.77|  |  00:57mins
EPOCH[132/1000] loss 0.0228  0.0149  0.0080 - |Sample:8.69|  |  00:41mins
EPOCH[133/1000] loss 0.0229  0.0149  0.0080 - |Sample:8.62|  |  00:41mins
EPOCH[134/1000] loss 0.0230  0.0149  0.0081 - |Sample:8.56|  |  00:41mins
EPOCH[135/1000] loss 0.0232  0.0152  0.0081 - |Sample:8.52|  |  00:41mins
EPOCH[136/1000] loss 0.0232  0.0150  0.0081 - |Sample:8.27|  |  00:41mins
EPOCH[137/1000] loss 0.0233  0.0151  0.0082 - |Sample:8.66|  |  00:41mins
EPOCH[138/1000] loss 0.0235  0.0153  0.0082 - |Sample:8.49|  |  00:41mins
EPOCH[139/1000] loss 0.0233  0.0150  0.0083 - |Sample:8.68|  |  00:41mins
EPOCH[140/1000] loss 0.0233  0.0150  0.0083 - |Sample:8.72|  |  00:41mins
====================================================
[TEST]
====================================================
Testing EPOCH[141/1000] | Results Top-k (pre, recall, ndcg): 0.05248, 0.17685, 0.14435
EPOCH[141/1000] loss 0.0233  0.0150  0.0084 - |Sample:8.54|  |  00:57mins
EPOCH[142/1000] loss 0.0236  0.0152  0.0084 - |Sample:8.49|  |  00:41mins
EPOCH[143/1000] loss 0.0236  0.0151  0.0084 - |Sample:8.51|  |  00:41mins
EPOCH[144/1000] loss 0.0236  0.0152  0.0085 - |Sample:8.76|  |  00:41mins
EPOCH[145/1000] loss 0.0238  0.0152  0.0085 - |Sample:8.26|  |  00:41mins
EPOCH[146/1000] loss 0.0236  0.0150  0.0086 - |Sample:8.97|  |  00:42mins
EPOCH[147/1000] loss 0.0233  0.0147  0.0086 - |Sample:8.64|  |  00:41mins
EPOCH[148/1000] loss 0.0235  0.0149  0.0087 - |Sample:8.46|  |  00:41mins
EPOCH[149/1000] loss 0.0235  0.0148  0.0087 - |Sample:8.53|  |  00:41mins
EPOCH[150/1000] loss 0.0235  0.0147  0.0087 - |Sample:8.52|  |  00:41mins
====================================================
[TEST]
====================================================
Testing EPOCH[151/1000] | Results Top-k (pre, recall, ndcg): 0.05235, 0.17663, 0.14366
EPOCH[151/1000] loss 0.0234  0.0146  0.0088 - |Sample:8.46|  |  00:57mins
EPOCH[152/1000] loss 0.0237  0.0149  0.0088 - |Sample:8.51|  |  00:41mins
EPOCH[153/1000] loss 0.0240  0.0151  0.0088 - |Sample:9.00|  |  00:42mins
EPOCH[154/1000] loss 0.0241  0.0152  0.0089 - |Sample:8.59|  |  00:41mins
EPOCH[155/1000] loss 0.0242  0.0152  0.0089 - |Sample:8.28|  |  00:41mins
EPOCH[156/1000] loss 0.0239  0.0150  0.0090 - |Sample:8.76|  |  00:41mins
EPOCH[157/1000] loss 0.0241  0.0151  0.0090 - |Sample:8.57|  |  00:41mins
EPOCH[158/1000] loss 0.0239  0.0149  0.0090 - |Sample:8.55|  |  00:41mins
EPOCH[159/1000] loss 0.0240  0.0150  0.0091 - |Sample:8.48|  |  00:41mins
EPOCH[160/1000] loss 0.0243  0.0152  0.0091 - |Sample:8.96|  |  00:42mins
====================================================
[TEST]
====================================================
Testing EPOCH[161/1000] | Results Top-k (pre, recall, ndcg): 0.05239, 0.17655, 0.14358
EPOCH[161/1000] loss 0.0240  0.0148  0.0091 - |Sample:8.78|  |  00:57mins
EPOCH[162/1000] loss 0.0242  0.0150  0.0092 - |Sample:8.28|  |  00:41mins
EPOCH[163/1000] loss 0.0242  0.0150  0.0092 - |Sample:8.70|  |  00:41mins
EPOCH[164/1000] loss 0.0243  0.0151  0.0092 - |Sample:8.52|  |  00:41mins
EPOCH[165/1000] loss 0.0241  0.0149  0.0093 - |Sample:8.54|  |  00:41mins
EPOCH[166/1000] loss 0.0245  0.0152  0.0093 - |Sample:8.45|  |  00:41mins
EPOCH[167/1000] loss 0.0247  0.0154  0.0093 - |Sample:8.49|  |  00:41mins
EPOCH[168/1000] loss 0.0245  0.0151  0.0094 - |Sample:8.71|  |  00:41mins
EPOCH[169/1000] loss 0.0242  0.0149  0.0094 - |Sample:8.50|  |  00:41mins
EPOCH[170/1000] loss 0.0242  0.0148  0.0094 - |Sample:8.76|  |  00:41mins
====================================================
[TEST]
====================================================
Testing EPOCH[171/1000] | Results Top-k (pre, recall, ndcg): 0.05239, 0.17666, 0.14369
EPOCH[171/1000] loss 0.0245  0.0150  0.0095 - |Sample:8.22|  |  00:56mins
EPOCH[172/1000] loss 0.0243  0.0148  0.0095 - |Sample:8.73|  |  00:41mins
EPOCH[173/1000] loss 0.0248  0.0153  0.0095 - |Sample:8.44|  |  00:41mins
EPOCH[174/1000] loss 0.0244  0.0149  0.0095 - |Sample:8.52|  |  00:41mins
EPOCH[175/1000] loss 0.0247  0.0151  0.0096 - |Sample:8.74|  |  00:41mins
EPOCH[176/1000] loss 0.0246  0.0149  0.0096 - |Sample:8.51|  |  00:41mins
EPOCH[177/1000] loss 0.0247  0.0150  0.0096 - |Sample:8.47|  |  00:41mins
EPOCH[178/1000] loss 0.0246  0.0149  0.0097 - |Sample:8.43|  |  00:41mins
EPOCH[179/1000] loss 0.0248  0.0151  0.0097 - |Sample:8.72|  |  00:41mins
EPOCH[180/1000] loss 0.0246  0.0149  0.0097 - |Sample:8.27|  |  00:41mins
====================================================
[TEST]
====================================================
Testing EPOCH[181/1000] | Results Top-k (pre, recall, ndcg): 0.05227, 0.17667, 0.14343
EPOCH[181/1000] loss 0.0249  0.0152  0.0098 - |Sample:8.67|  |  00:57mins
EPOCH[182/1000] loss 0.0246  0.0149  0.0098 - |Sample:8.68|  |  00:41mins
EPOCH[183/1000] loss 0.0250  0.0153  0.0098 - |Sample:8.52|  |  00:41mins
EPOCH[184/1000] loss 0.0248  0.0150  0.0098 - |Sample:8.51|  |  00:41mins
EPOCH[185/1000] loss 0.0252  0.0153  0.0099 - |Sample:8.47|  |  00:41mins
EPOCH[186/1000] loss 0.0250  0.0151  0.0099 - |Sample:8.45|  |  00:41mins
EPOCH[187/1000] loss 0.0249  0.0150  0.0099 - |Sample:8.66|  |  00:41mins
EPOCH[188/1000] loss 0.0252  0.0153  0.0099 - |Sample:8.53|  |  00:41mins
EPOCH[189/1000] loss 0.0252  0.0153  0.0100 - |Sample:8.70|  |  00:41mins
EPOCH[190/1000] loss 0.0250  0.0150  0.0100 - |Sample:8.67|  |  00:41mins
====================================================
[TEST]
====================================================
Testing EPOCH[191/1000] | Results Top-k (pre, recall, ndcg): 0.05232, 0.17634, 0.14357
EPOCH[191/1000] loss 0.0251  0.0151  0.0100 - |Sample:8.58|  |  00:57mins
EPOCH[192/1000] loss 0.0252  0.0151  0.0100 - |Sample:8.57|  |  00:41mins
EPOCH[193/1000] loss 0.0255  0.0154  0.0100 - |Sample:8.22|  |  00:41mins
EPOCH[194/1000] loss 0.0248  0.0147  0.0101 - |Sample:8.71|  |  00:41mins
EPOCH[195/1000] loss 0.0252  0.0151  0.0101 - |Sample:8.51|  |  00:41mins
EPOCH[196/1000] loss 0.0252  0.0150  0.0101 - |Sample:9.03|  |  00:42mins
EPOCH[197/1000] loss 0.0251  0.0149  0.0102 - |Sample:8.85|  |  00:41mins
EPOCH[198/1000] loss 0.0254  0.0153  0.0102 - |Sample:8.57|  |  00:41mins
EPOCH[199/1000] loss 0.0252  0.0150  0.0102 - |Sample:8.58|  |  00:41mins
EPOCH[200/1000] loss 0.0253  0.0151  0.0102 - |Sample:8.29|  |  00:41mins
====================================================
[TEST]
====================================================
Testing EPOCH[201/1000] | Results Top-k (pre, recall, ndcg): 0.05214, 0.17607, 0.14327
EPOCH[201/1000] loss 0.0251  0.0148  0.0102 - |Sample:8.73|  |  00:57mins
EPOCH[202/1000] loss 0.0252  0.0149  0.0103 - |Sample:8.54|  |  00:41mins
EPOCH[203/1000] loss 0.0253  0.0150  0.0103 - |Sample:8.92|  |  00:41mins
EPOCH[204/1000] loss 0.0258  0.0155  0.0103 - |Sample:8.72|  |  00:41mins
EPOCH[205/1000] loss 0.0254  0.0151  0.0103 - |Sample:8.60|  |  00:41mins
EPOCH[206/1000] loss 0.0259  0.0156  0.0104 - |Sample:8.71|  |  00:41mins
EPOCH[207/1000] loss 0.0255  0.0151  0.0104 - |Sample:8.52|  |  00:41mins
EPOCH[208/1000] loss 0.0257  0.0153  0.0104 - |Sample:8.50|  |  00:41mins
EPOCH[209/1000] loss 0.0255  0.0151  0.0104 - |Sample:8.51|  |  00:41mins
EPOCH[210/1000] loss 0.0254  0.0149  0.0104 - |Sample:8.47|  |  00:41mins
====================================================
[TEST]
====================================================
Testing EPOCH[211/1000] | Results Top-k (pre, recall, ndcg): 0.05229, 0.17623, 0.14339
EPOCH[211/1000] loss 0.0259  0.0155  0.0105 - |Sample:8.70|  |  00:57mins
EPOCH[212/1000] loss 0.0255  0.0150  0.0105 - |Sample:8.48|  |  00:41mins
EPOCH[213/1000] loss 0.0256  0.0151  0.0105 - |Sample:8.72|  |  00:41mins
EPOCH[214/1000] loss 0.0254  0.0149  0.0105 - |Sample:8.52|  |  00:41mins
EPOCH[215/1000] loss 0.0259  0.0153  0.0105 - |Sample:8.51|  |  00:41mins
EPOCH[216/1000] loss 0.0254  0.0149  0.0106 - |Sample:8.49|  |  00:41mins
EPOCH[217/1000] loss 0.0257  0.0151  0.0106 - |Sample:8.49|  |  00:41mins
EPOCH[218/1000] loss 0.0257  0.0151  0.0106 - |Sample:8.68|  |  00:41mins
EPOCH[219/1000] loss 0.0257  0.0151  0.0106 - |Sample:8.64|  |  00:41mins
EPOCH[220/1000] loss 0.0258  0.0152  0.0106 - |Sample:8.74|  |  00:41mins
====================================================
[TEST]
====================================================
Testing EPOCH[221/1000] | Results Top-k (pre, recall, ndcg): 0.0522, 0.17621, 0.14325
EPOCH[221/1000] loss 0.0260  0.0154  0.0107 - |Sample:8.26|  |  00:56mins
EPOCH[222/1000] loss 0.0255  0.0149  0.0107 - |Sample:8.70|  |  00:41mins
EPOCH[223/1000] loss 0.0256  0.0149  0.0107 - |Sample:8.54|  |  00:41mins
EPOCH[224/1000] loss 0.0259  0.0152  0.0107 - |Sample:8.52|  |  00:41mins
EPOCH[225/1000] loss 0.0258  0.0151  0.0107 - |Sample:8.81|  |  00:41mins
EPOCH[226/1000] loss 0.0261  0.0154  0.0107 - |Sample:8.52|  |  00:41mins
