>>SEED: 2020
====================================================
loading [./data/movie-len]
====================================================
63639 interactions for training
16361 interactions for testing
movie-len Sparsity : 0.050407386194299054
movie-len is ready to go
===========config================
{'A_n_fold': 100,
 'A_split': False,
 'K': 3,
 'args': Namespace(K=3, a_fold=100, alpha=0.3, alpha1=0.25, alpha2=0.25, avg=0, beta=0.5, bpr_batch=256, comment='gtn', dataset='movie-len', debug=True, decay=0, dropout=0, epochs=1000, gamma=1, gcn_model='GTN', gpu_id=0, incnorm_para=True, keepprob=0.6, lambda2=4.0, layer=3, load=0, lr=0.001, model='gtn', multicore=1, ogb=True, path='./checkpoints', pretrain=0, prop_dropout=0.1, recdim=64, seed=2020, tensorboard=0, testbatch=30, topks='[20]'),
 'bigdata': False,
 'bpr_batch_size': 256,
 'dataset': 'movie-len',
 'decay': 0,
 'dropout': 0,
 'epochs': 1000,
 'keep_prob': 0.6,
 'lambda2': 4.0,
 'latent_dim_rec': 64,
 'lr': 0.001,
 'multicore': 1,
 'pretrain': 0,
 'test_u_batch_size': 30}
cores for test: 24
comment: gtn
tensorboard: 0
LOAD: 0
Weight path: ./checkpoints
Test Topks: [20]
using bpr loss
===========end===================
====================================================
use NORMAL distribution initilizer
====================================================
loading adjacency matrix
successfully loaded...
lgn is already to go(dropout:0)
====================================================
not enable tensorflowboard
====================================================
Namespace(K=3, a_fold=100, alpha=0.3, alpha1=0.25, alpha2=0.25, avg=0, beta=0.5, bpr_batch=256, comment='gtn', dataset='movie-len', debug=True, decay=0, dropout=0, epochs=1000, gamma=1, gcn_model='GTN', gpu_id=0, incnorm_para=True, keepprob=0.6, lambda2=4.0, layer=3, load=0, lr=0.001, model='gtn', multicore=1, ogb=True, path='./checkpoints', pretrain=0, prop_dropout=0.1, recdim=64, seed=2020, tensorboard=0, testbatch=30, topks='[20]')
EPOCH[1/1000] loss 0.5253  0.5253  0.0000 - |Sample:0.72|  |  00:07mins
EPOCH[2/1000] loss 0.3258  0.3258  0.0000 - |Sample:0.63|  |  00:07mins
EPOCH[3/1000] loss 0.2978  0.2978  0.0000 - |Sample:1.51|  |  00:08mins
EPOCH[4/1000] loss 0.2770  0.2770  0.0000 - |Sample:0.77|  |  00:07mins
EPOCH[5/1000] loss 0.2639  0.2639  0.0000 - |Sample:0.65|  |  00:07mins
EPOCH[6/1000] loss 0.2528  0.2528  0.0000 - |Sample:0.76|  |  00:07mins
EPOCH[7/1000] loss 0.2530  0.2530  0.0000 - |Sample:0.74|  |  00:07mins
EPOCH[8/1000] loss 0.2456  0.2456  0.0000 - |Sample:0.63|  |  00:07mins
EPOCH[9/1000] loss 0.2421  0.2421  0.0000 - |Sample:0.73|  |  00:07mins
EPOCH[10/1000] loss 0.2393  0.2393  0.0000 - |Sample:0.74|  |  00:07mins
====================================================
[TEST]
====================================================
Testing EPOCH[11/1000] | Results Top-k (pre, recall, ndcg): 0.03118, 0.04667, 0.04995
EPOCH[11/1000] loss 0.2352  0.2352  0.0000 - |Sample:0.63|  |  00:11mins
EPOCH[12/1000] loss 0.2340  0.2340  0.0000 - |Sample:0.73|  |  00:07mins
EPOCH[13/1000] loss 0.2303  0.2303  0.0000 - |Sample:0.72|  |  00:07mins
EPOCH[14/1000] loss 0.2265  0.2265  0.0000 - |Sample:0.64|  |  00:07mins
EPOCH[15/1000] loss 0.2209  0.2209  0.0000 - |Sample:0.72|  |  00:07mins
EPOCH[16/1000] loss 0.2169  0.2169  0.0000 - |Sample:0.71|  |  00:07mins
EPOCH[17/1000] loss 0.2106  0.2106  0.0000 - |Sample:0.64|  |  00:07mins
EPOCH[18/1000] loss 0.2102  0.2102  0.0000 - |Sample:0.72|  |  00:07mins
EPOCH[19/1000] loss 0.2072  0.2072  0.0000 - |Sample:0.71|  |  00:07mins
EPOCH[20/1000] loss 0.2015  0.2015  0.0000 - |Sample:0.63|  |  00:07mins
====================================================
[TEST]
====================================================
Testing EPOCH[21/1000] | Results Top-k (pre, recall, ndcg): 0.03499, 0.05349, 0.05635
EPOCH[21/1000] loss 0.1992  0.1992  0.0000 - |Sample:0.71|  |  00:10mins
EPOCH[22/1000] loss 0.1928  0.1928  0.0000 - |Sample:0.73|  |  00:07mins
EPOCH[23/1000] loss 0.1933  0.1933  0.0000 - |Sample:0.63|  |  00:07mins
EPOCH[24/1000] loss 0.1933  0.1933  0.0000 - |Sample:0.73|  |  00:07mins
EPOCH[25/1000] loss 0.1911  0.1911  0.0000 - |Sample:0.72|  |  00:07mins
EPOCH[26/1000] loss 0.1856  0.1856  0.0000 - |Sample:0.63|  |  00:07mins
EPOCH[27/1000] loss 0.1844  0.1844  0.0000 - |Sample:0.72|  |  00:07mins
EPOCH[28/1000] loss 0.1840  0.1840  0.0000 - |Sample:0.72|  |  00:07mins
EPOCH[29/1000] loss 0.1801  0.1801  0.0000 - |Sample:0.63|  |  00:07mins
EPOCH[30/1000] loss 0.1806  0.1806  0.0000 - |Sample:0.71|  |  00:07mins
====================================================
[TEST]
====================================================
Testing EPOCH[31/1000] | Results Top-k (pre, recall, ndcg): 0.0359, 0.05532, 0.05792
EPOCH[31/1000] loss 0.1782  0.1782  0.0000 - |Sample:0.72|  |  00:10mins
EPOCH[32/1000] loss 0.1789  0.1789  0.0000 - |Sample:0.63|  |  00:07mins
EPOCH[33/1000] loss 0.1765  0.1765  0.0000 - |Sample:0.72|  |  00:07mins
EPOCH[34/1000] loss 0.1720  0.1720  0.0000 - |Sample:0.72|  |  00:07mins
EPOCH[35/1000] loss 0.1744  0.1744  0.0000 - |Sample:0.63|  |  00:07mins
EPOCH[36/1000] loss 0.1715  0.1715  0.0000 - |Sample:0.72|  |  00:07mins
EPOCH[37/1000] loss 0.1678  0.1678  0.0000 - |Sample:0.73|  |  00:07mins
EPOCH[38/1000] loss 0.1728  0.1728  0.0000 - |Sample:0.63|  |  00:07mins
EPOCH[39/1000] loss 0.1712  0.1712  0.0000 - |Sample:0.71|  |  00:07mins
EPOCH[40/1000] loss 0.1673  0.1673  0.0000 - |Sample:0.71|  |  00:07mins
====================================================
[TEST]
====================================================
Testing EPOCH[41/1000] | Results Top-k (pre, recall, ndcg): 0.03765, 0.05923, 0.06124
EPOCH[41/1000] loss 0.1679  0.1679  0.0000 - |Sample:0.76|  |  00:10mins
EPOCH[42/1000] loss 0.1651  0.1651  0.0000 - |Sample:0.64|  |  00:07mins
EPOCH[43/1000] loss 0.1625  0.1625  0.0000 - |Sample:0.75|  |  00:07mins
EPOCH[44/1000] loss 0.1680  0.1680  0.0000 - |Sample:0.79|  |  00:07mins
EPOCH[45/1000] loss 0.1614  0.1614  0.0000 - |Sample:0.63|  |  00:07mins
EPOCH[46/1000] loss 0.1605  0.1605  0.0000 - |Sample:0.77|  |  00:07mins
EPOCH[47/1000] loss 0.1622  0.1622  0.0000 - |Sample:0.72|  |  00:07mins
EPOCH[48/1000] loss 0.1601  0.1601  0.0000 - |Sample:0.63|  |  00:07mins
EPOCH[49/1000] loss 0.1628  0.1628  0.0000 - |Sample:0.72|  |  00:07mins
EPOCH[50/1000] loss 0.1601  0.1601  0.0000 - |Sample:0.73|  |  00:07mins
====================================================
[TEST]
====================================================
Testing EPOCH[51/1000] | Results Top-k (pre, recall, ndcg): 0.03802, 0.06007, 0.06209
EPOCH[51/1000] loss 0.1602  0.1602  0.0000 - |Sample:0.64|  |  00:10mins
EPOCH[52/1000] loss 0.1601  0.1601  0.0000 - |Sample:0.75|  |  00:07mins
EPOCH[53/1000] loss 0.1551  0.1551  0.0000 - |Sample:0.73|  |  00:07mins
EPOCH[54/1000] loss 0.1560  0.1560  0.0000 - |Sample:0.64|  |  00:07mins
EPOCH[55/1000] loss 0.1563  0.1563  0.0000 - |Sample:0.72|  |  00:07mins
EPOCH[56/1000] loss 0.1553  0.1553  0.0000 - |Sample:0.72|  |  00:07mins
EPOCH[57/1000] loss 0.1524  0.1524  0.0000 - |Sample:0.63|  |  00:07mins
EPOCH[58/1000] loss 0.1506  0.1506  0.0000 - |Sample:0.74|  |  00:07mins
EPOCH[59/1000] loss 0.1528  0.1528  0.0000 - |Sample:0.73|  |  00:07mins
EPOCH[60/1000] loss 0.1466  0.1466  0.0000 - |Sample:0.63|  |  00:07mins
====================================================
[TEST]
====================================================
Testing EPOCH[61/1000] | Results Top-k (pre, recall, ndcg): 0.03977, 0.0633, 0.0642
EPOCH[61/1000] loss 0.1490  0.1490  0.0000 - |Sample:0.72|  |  00:10mins
EPOCH[62/1000] loss 0.1487  0.1487  0.0000 - |Sample:0.73|  |  00:07mins
EPOCH[63/1000] loss 0.1495  0.1495  0.0000 - |Sample:0.63|  |  00:07mins
EPOCH[64/1000] loss 0.1490  0.1490  0.0000 - |Sample:0.74|  |  00:07mins
EPOCH[65/1000] loss 0.1477  0.1477  0.0000 - |Sample:0.73|  |  00:07mins
EPOCH[66/1000] loss 0.1442  0.1442  0.0000 - |Sample:0.63|  |  00:07mins
EPOCH[67/1000] loss 0.1465  0.1465  0.0000 - |Sample:0.72|  |  00:07mins
EPOCH[68/1000] loss 0.1453  0.1453  0.0000 - |Sample:0.71|  |  00:07mins
EPOCH[69/1000] loss 0.1426  0.1426  0.0000 - |Sample:0.64|  |  00:07mins
EPOCH[70/1000] loss 0.1434  0.1434  0.0000 - |Sample:0.71|  |  00:07mins
====================================================
[TEST]
====================================================
Testing EPOCH[71/1000] | Results Top-k (pre, recall, ndcg): 0.03961, 0.06359, 0.06451
EPOCH[71/1000] loss 0.1384  0.1384  0.0000 - |Sample:0.74|  |  00:10mins
EPOCH[72/1000] loss 0.1398  0.1398  0.0000 - |Sample:0.74|  |  00:07mins
EPOCH[73/1000] loss 0.1389  0.1389  0.0000 - |Sample:0.64|  |  00:07mins
EPOCH[74/1000] loss 0.1385  0.1385  0.0000 - |Sample:0.72|  |  00:07mins
EPOCH[75/1000] loss 0.1383  0.1383  0.0000 - |Sample:0.72|  |  00:07mins
EPOCH[76/1000] loss 0.1385  0.1385  0.0000 - |Sample:0.64|  |  00:07mins
EPOCH[77/1000] loss 0.1349  0.1349  0.0000 - |Sample:0.73|  |  00:07mins
EPOCH[78/1000] loss 0.1355  0.1355  0.0000 - |Sample:0.73|  |  00:07mins
EPOCH[79/1000] loss 0.1331  0.1331  0.0000 - |Sample:0.64|  |  00:07mins
EPOCH[80/1000] loss 0.1367  0.1367  0.0000 - |Sample:0.76|  |  00:07mins
====================================================
[TEST]
====================================================
Testing EPOCH[81/1000] | Results Top-k (pre, recall, ndcg): 0.04014, 0.06385, 0.06505
EPOCH[81/1000] loss 0.1369  0.1369  0.0000 - |Sample:0.74|  |  00:10mins
EPOCH[82/1000] loss 0.1330  0.1330  0.0000 - |Sample:0.64|  |  00:07mins
EPOCH[83/1000] loss 0.1337  0.1337  0.0000 - |Sample:0.75|  |  00:07mins
EPOCH[84/1000] loss 0.1331  0.1331  0.0000 - |Sample:0.79|  |  00:07mins
EPOCH[85/1000] loss 0.1310  0.1310  0.0000 - |Sample:0.63|  |  00:07mins
EPOCH[86/1000] loss 0.1331  0.1331  0.0000 - |Sample:0.75|  |  00:07mins
EPOCH[87/1000] loss 0.1295  0.1295  0.0000 - |Sample:0.72|  |  00:07mins
EPOCH[88/1000] loss 0.1320  0.1320  0.0000 - |Sample:0.72|  |  00:07mins
EPOCH[89/1000] loss 0.1273  0.1273  0.0000 - |Sample:0.63|  |  00:07mins
EPOCH[90/1000] loss 0.1304  0.1304  0.0000 - |Sample:0.74|  |  00:07mins
====================================================
[TEST]
====================================================
Testing EPOCH[91/1000] | Results Top-k (pre, recall, ndcg): 0.03998, 0.06318, 0.06484
EPOCH[91/1000] loss 0.1287  0.1287  0.0000 - |Sample:0.64|  |  00:10mins
EPOCH[92/1000] loss 0.1279  0.1279  0.0000 - |Sample:0.73|  |  00:07mins
EPOCH[93/1000] loss 0.1278  0.1278  0.0000 - |Sample:0.72|  |  00:07mins
EPOCH[94/1000] loss 0.1265  0.1265  0.0000 - |Sample:0.75|  |  00:07mins
EPOCH[95/1000] loss 0.1292  0.1292  0.0000 - |Sample:0.63|  |  00:07mins
EPOCH[96/1000] loss 0.1243  0.1243  0.0000 - |Sample:0.73|  |  00:07mins
EPOCH[97/1000] loss 0.1235  0.1235  0.0000 - |Sample:0.73|  |  00:07mins
EPOCH[98/1000] loss 0.1226  0.1226  0.0000 - |Sample:0.64|  |  00:07mins
EPOCH[99/1000] loss 0.1274  0.1274  0.0000 - |Sample:0.72|  |  00:07mins
EPOCH[100/1000] loss 0.1251  0.1251  0.0000 - |Sample:0.75|  |  00:07mins
====================================================
[TEST]
====================================================
Testing EPOCH[101/1000] | Results Top-k (pre, recall, ndcg): 0.04088, 0.06523, 0.06582
EPOCH[101/1000] loss 0.1193  0.1193  0.0000 - |Sample:0.64|  |  00:10mins
EPOCH[102/1000] loss 0.1255  0.1255  0.0000 - |Sample:0.74|  |  00:07mins
EPOCH[103/1000] loss 0.1222  0.1222  0.0000 - |Sample:0.72|  |  00:07mins
EPOCH[104/1000] loss 0.1225  0.1225  0.0000 - |Sample:0.64|  |  00:07mins
EPOCH[105/1000] loss 0.1217  0.1217  0.0000 - |Sample:0.72|  |  00:07mins
EPOCH[106/1000] loss 0.1202  0.1202  0.0000 - |Sample:0.73|  |  00:07mins
EPOCH[107/1000] loss 0.1216  0.1216  0.0000 - |Sample:0.64|  |  00:07mins
EPOCH[108/1000] loss 0.1180  0.1180  0.0000 - |Sample:0.74|  |  00:07mins
EPOCH[109/1000] loss 0.1161  0.1161  0.0000 - |Sample:0.73|  |  00:07mins
EPOCH[110/1000] loss 0.1179  0.1179  0.0000 - |Sample:0.63|  |  00:07mins
====================================================
[TEST]
====================================================
Testing EPOCH[111/1000] | Results Top-k (pre, recall, ndcg): 0.04099, 0.06516, 0.06615
EPOCH[111/1000] loss 0.1165  0.1165  0.0000 - |Sample:0.72|  |  00:10mins
EPOCH[112/1000] loss 0.1158  0.1158  0.0000 - |Sample:0.74|  |  00:07mins
EPOCH[113/1000] loss 0.1169  0.1169  0.0000 - |Sample:0.64|  |  00:07mins
EPOCH[114/1000] loss 0.1132  0.1132  0.0000 - |Sample:0.74|  |  00:07mins
EPOCH[115/1000] loss 0.1158  0.1158  0.0000 - |Sample:0.72|  |  00:07mins
EPOCH[116/1000] loss 0.1136  0.1136  0.0000 - |Sample:0.73|  |  00:07mins
EPOCH[117/1000] loss 0.1154  0.1154  0.0000 - |Sample:0.63|  |  00:07mins
EPOCH[118/1000] loss 0.1142  0.1142  0.0000 - |Sample:0.72|  |  00:07mins
EPOCH[119/1000] loss 0.1128  0.1128  0.0000 - |Sample:0.73|  |  00:07mins
EPOCH[120/1000] loss 0.1133  0.1133  0.0000 - |Sample:0.64|  |  00:07mins
====================================================
[TEST]
====================================================
Testing EPOCH[121/1000] | Results Top-k (pre, recall, ndcg): 0.04157, 0.06591, 0.06644
EPOCH[121/1000] loss 0.1158  0.1158  0.0000 - |Sample:0.74|  |  00:10mins
EPOCH[122/1000] loss 0.1140  0.1140  0.0000 - |Sample:0.74|  |  00:07mins
EPOCH[123/1000] loss 0.1121  0.1121  0.0000 - |Sample:0.64|  |  00:07mins
EPOCH[124/1000] loss 0.1118  0.1118  0.0000 - |Sample:0.72|  |  00:07mins
EPOCH[125/1000] loss 0.1117  0.1117  0.0000 - |Sample:0.72|  |  00:07mins
EPOCH[126/1000] loss 0.1119  0.1119  0.0000 - |Sample:0.64|  |  00:07mins
EPOCH[127/1000] loss 0.1099  0.1099  0.0000 - |Sample:0.74|  |  00:07mins
EPOCH[128/1000] loss 0.1091  0.1091  0.0000 - |Sample:0.72|  |  00:07mins
EPOCH[129/1000] loss 0.1073  0.1073  0.0000 - |Sample:0.63|  |  00:07mins
EPOCH[130/1000] loss 0.1080  0.1080  0.0000 - |Sample:0.72|  |  00:07mins
====================================================
[TEST]
====================================================
Testing EPOCH[131/1000] | Results Top-k (pre, recall, ndcg): 0.04136, 0.0654, 0.06673
EPOCH[131/1000] loss 0.1056  0.1056  0.0000 - |Sample:0.73|  |  00:10mins
EPOCH[132/1000] loss 0.1100  0.1100  0.0000 - |Sample:0.64|  |  00:07mins
EPOCH[133/1000] loss 0.1079  0.1079  0.0000 - |Sample:0.73|  |  00:07mins
EPOCH[134/1000] loss 0.1087  0.1087  0.0000 - |Sample:0.74|  |  00:07mins
EPOCH[135/1000] loss 0.1050  0.1050  0.0000 - |Sample:0.64|  |  00:07mins
EPOCH[136/1000] loss 0.1063  0.1063  0.0000 - |Sample:0.73|  |  00:07mins
EPOCH[137/1000] loss 0.1064  0.1064  0.0000 - |Sample:0.72|  |  00:07mins
EPOCH[138/1000] loss 0.1054  0.1054  0.0000 - |Sample:0.63|  |  00:07mins
EPOCH[139/1000] loss 0.1049  0.1049  0.0000 - |Sample:0.72|  |  00:07mins
EPOCH[140/1000] loss 0.1035  0.1035  0.0000 - |Sample:0.72|  |  00:07mins
====================================================
[TEST]
====================================================
Testing EPOCH[141/1000] | Results Top-k (pre, recall, ndcg): 0.04173, 0.0664, 0.06711
EPOCH[141/1000] loss 0.1057  0.1057  0.0000 - |Sample:0.75|  |  00:10mins
EPOCH[142/1000] loss 0.1053  0.1053  0.0000 - |Sample:0.64|  |  00:07mins
EPOCH[143/1000] loss 0.1042  0.1042  0.0000 - |Sample:0.74|  |  00:07mins
EPOCH[144/1000] loss 0.1031  0.1031  0.0000 - |Sample:0.64|  |  00:07mins
EPOCH[145/1000] loss 0.1031  0.1031  0.0000 - |Sample:0.71|  |  00:07mins
EPOCH[146/1000] loss 0.1038  0.1038  0.0000 - |Sample:0.72|  |  00:07mins
EPOCH[147/1000] loss 0.1014  0.1014  0.0000 - |Sample:0.73|  |  00:07mins
EPOCH[148/1000] loss 0.1036  0.1036  0.0000 - |Sample:0.64|  |  00:07mins
EPOCH[149/1000] loss 0.0993  0.0993  0.0000 - |Sample:0.75|  |  00:07mins
EPOCH[150/1000] loss 0.1000  0.1000  0.0000 - |Sample:0.73|  |  00:07mins
====================================================
[TEST]
====================================================
Testing EPOCH[151/1000] | Results Top-k (pre, recall, ndcg): 0.04162, 0.06593, 0.06652
EPOCH[151/1000] loss 0.0977  0.0977  0.0000 - |Sample:0.63|  |  00:10mins
EPOCH[152/1000] loss 0.0957  0.0957  0.0000 - |Sample:0.73|  |  00:07mins
EPOCH[153/1000] loss 0.0994  0.0994  0.0000 - |Sample:0.72|  |  00:07mins
EPOCH[154/1000] loss 0.0990  0.0990  0.0000 - |Sample:0.64|  |  00:07mins
EPOCH[155/1000] loss 0.0968  0.0968  0.0000 - |Sample:0.76|  |  00:07mins
EPOCH[156/1000] loss 0.0991  0.0991  0.0000 - |Sample:0.73|  |  00:07mins
EPOCH[157/1000] loss 0.0968  0.0968  0.0000 - |Sample:0.63|  |  00:07mins
EPOCH[158/1000] loss 0.0985  0.0985  0.0000 - |Sample:0.72|  |  00:07mins
EPOCH[159/1000] loss 0.0960  0.0960  0.0000 - |Sample:0.73|  |  00:07mins
EPOCH[160/1000] loss 0.0971  0.0971  0.0000 - |Sample:0.63|  |  00:07mins
====================================================
[TEST]
====================================================
Testing EPOCH[161/1000] | Results Top-k (pre, recall, ndcg): 0.04168, 0.06491, 0.06634
EPOCH[161/1000] loss 0.0953  0.0953  0.0000 - |Sample:0.72|  |  00:10mins
EPOCH[162/1000] loss 0.0959  0.0959  0.0000 - |Sample:0.76|  |  00:07mins
EPOCH[163/1000] loss 0.0950  0.0950  0.0000 - |Sample:0.64|  |  00:07mins
EPOCH[164/1000] loss 0.0947  0.0947  0.0000 - |Sample:0.72|  |  00:07mins
EPOCH[165/1000] loss 0.0979  0.0979  0.0000 - |Sample:0.72|  |  00:07mins
EPOCH[166/1000] loss 0.0931  0.0931  0.0000 - |Sample:0.64|  |  00:07mins
EPOCH[167/1000] loss 0.0947  0.0947  0.0000 - |Sample:0.72|  |  00:07mins
EPOCH[168/1000] loss 0.0927  0.0927  0.0000 - |Sample:0.74|  |  00:07mins
EPOCH[169/1000] loss 0.0931  0.0931  0.0000 - |Sample:0.64|  |  00:07mins
EPOCH[170/1000] loss 0.0928  0.0928  0.0000 - |Sample:0.73|  |  00:07mins
====================================================
[TEST]
====================================================
Testing EPOCH[171/1000] | Results Top-k (pre, recall, ndcg): 0.04178, 0.06493, 0.06622
EPOCH[171/1000] loss 0.0927  0.0927  0.0000 - |Sample:0.72|  |  00:10mins
EPOCH[172/1000] loss 0.0924  0.0924  0.0000 - |Sample:0.64|  |  00:07mins
EPOCH[173/1000] loss 0.0918  0.0918  0.0000 - |Sample:0.73|  |  00:07mins
EPOCH[174/1000] loss 0.0913  0.0913  0.0000 - |Sample:0.72|  |  00:07mins
EPOCH[175/1000] loss 0.0925  0.0925  0.0000 - |Sample:0.63|  |  00:07mins
EPOCH[176/1000] loss 0.0915  0.0915  0.0000 - |Sample:0.75|  |  00:07mins
EPOCH[177/1000] loss 0.0922  0.0922  0.0000 - |Sample:0.72|  |  00:07mins
EPOCH[178/1000] loss 0.0917  0.0917  0.0000 - |Sample:0.64|  |  00:07mins
EPOCH[179/1000] loss 0.0876  0.0876  0.0000 - |Sample:0.72|  |  00:07mins
EPOCH[180/1000] loss 0.0889  0.0889  0.0000 - |Sample:0.72|  |  00:07mins
====================================================
[TEST]
====================================================
Testing EPOCH[181/1000] | Results Top-k (pre, recall, ndcg): 0.04226, 0.06578, 0.06666
EPOCH[181/1000] loss 0.0895  0.0895  0.0000 - |Sample:0.74|  |  00:10mins
EPOCH[182/1000] loss 0.0885  0.0885  0.0000 - |Sample:0.64|  |  00:07mins
EPOCH[183/1000] loss 0.0908  0.0908  0.0000 - |Sample:0.76|  |  00:07mins
EPOCH[184/1000] loss 0.0869  0.0869  0.0000 - |Sample:0.64|  |  00:07mins
EPOCH[185/1000] loss 0.0867  0.0867  0.0000 - |Sample:0.72|  |  00:07mins
EPOCH[186/1000] loss 0.0885  0.0885  0.0000 - |Sample:0.72|  |  00:07mins
EPOCH[187/1000] loss 0.0864  0.0864  0.0000 - |Sample:0.73|  |  00:07mins
EPOCH[188/1000] loss 0.0883  0.0883  0.0000 - |Sample:0.64|  |  00:07mins
EPOCH[189/1000] loss 0.0859  0.0859  0.0000 - |Sample:0.74|  |  00:07mins
EPOCH[190/1000] loss 0.0865  0.0865  0.0000 - |Sample:0.73|  |  00:07mins
====================================================
[TEST]
====================================================
Testing EPOCH[191/1000] | Results Top-k (pre, recall, ndcg): 0.04263, 0.06657, 0.06658
EPOCH[191/1000] loss 0.0865  0.0865  0.0000 - |Sample:0.64|  |  00:10mins
EPOCH[192/1000] loss 0.0870  0.0870  0.0000 - |Sample:0.73|  |  00:07mins
EPOCH[193/1000] loss 0.0866  0.0866  0.0000 - |Sample:0.73|  |  00:07mins
EPOCH[194/1000] loss 0.0849  0.0849  0.0000 - |Sample:0.63|  |  00:07mins
EPOCH[195/1000] loss 0.0847  0.0847  0.0000 - |Sample:0.74|  |  00:07mins
EPOCH[196/1000] loss 0.0834  0.0834  0.0000 - |Sample:0.73|  |  00:07mins
EPOCH[197/1000] loss 0.0829  0.0829  0.0000 - |Sample:0.64|  |  00:07mins
EPOCH[198/1000] loss 0.0837  0.0837  0.0000 - |Sample:0.73|  |  00:07mins
EPOCH[199/1000] loss 0.0835  0.0835  0.0000 - |Sample:0.73|  |  00:07mins
EPOCH[200/1000] loss 0.0803  0.0803  0.0000 - |Sample:0.64|  |  00:07mins
====================================================
[TEST]
====================================================
Testing EPOCH[201/1000] | Results Top-k (pre, recall, ndcg): 0.04242, 0.066, 0.06633
EPOCH[201/1000] loss 0.0858  0.0858  0.0000 - |Sample:0.72|  |  00:10mins
EPOCH[202/1000] loss 0.0830  0.0830  0.0000 - |Sample:0.75|  |  00:07mins
EPOCH[203/1000] loss 0.0793  0.0793  0.0000 - |Sample:0.64|  |  00:07mins
EPOCH[204/1000] loss 0.0834  0.0834  0.0000 - |Sample:0.73|  |  00:07mins
EPOCH[205/1000] loss 0.0824  0.0824  0.0000 - |Sample:0.73|  |  00:07mins
EPOCH[206/1000] loss 0.0811  0.0811  0.0000 - |Sample:0.64|  |  00:07mins
EPOCH[207/1000] loss 0.0847  0.0847  0.0000 - |Sample:0.72|  |  00:07mins
EPOCH[208/1000] loss 0.0823  0.0823  0.0000 - |Sample:0.75|  |  00:07mins
EPOCH[209/1000] loss 0.0818  0.0818  0.0000 - |Sample:0.64|  |  00:07mins
EPOCH[210/1000] loss 0.0807  0.0807  0.0000 - |Sample:0.73|  |  00:07mins
====================================================
[TEST]
====================================================
Testing EPOCH[211/1000] | Results Top-k (pre, recall, ndcg): 0.04194, 0.0653, 0.06589
EPOCH[211/1000] loss 0.0805  0.0805  0.0000 - |Sample:0.72|  |  00:10mins
EPOCH[212/1000] loss 0.0813  0.0813  0.0000 - |Sample:0.64|  |  00:07mins
EPOCH[213/1000] loss 0.0810  0.0810  0.0000 - |Sample:0.73|  |  00:07mins
EPOCH[214/1000] loss 0.0793  0.0793  0.0000 - |Sample:0.73|  |  00:07mins
EPOCH[215/1000] loss 0.0822  0.0822  0.0000 - |Sample:0.64|  |  00:07mins
EPOCH[216/1000] loss 0.0804  0.0804  0.0000 - |Sample:0.74|  |  00:07mins
EPOCH[217/1000] loss 0.0789  0.0789  0.0000 - |Sample:0.73|  |  00:07mins
EPOCH[218/1000] loss 0.0786  0.0786  0.0000 - |Sample:0.64|  |  00:07mins
EPOCH[219/1000] loss 0.0766  0.0766  0.0000 - |Sample:0.72|  |  00:07mins
EPOCH[220/1000] loss 0.0785  0.0785  0.0000 - |Sample:0.72|  |  00:07mins
====================================================
[TEST]
====================================================
Testing EPOCH[221/1000] | Results Top-k (pre, recall, ndcg): 0.04189, 0.06343, 0.06541
EPOCH[221/1000] loss 0.0792  0.0792  0.0000 - |Sample:0.72|  |  00:10mins
EPOCH[222/1000] loss 0.0771  0.0771  0.0000 - |Sample:0.64|  |  00:07mins
EPOCH[223/1000] loss 0.0784  0.0784  0.0000 - |Sample:0.76|  |  00:07mins
EPOCH[224/1000] loss 0.0789  0.0789  0.0000 - |Sample:0.63|  |  00:07mins
EPOCH[225/1000] loss 0.0770  0.0770  0.0000 - |Sample:0.72|  |  00:07mins
EPOCH[226/1000] loss 0.0769  0.0769  0.0000 - |Sample:0.73|  |  00:07mins
EPOCH[227/1000] loss 0.0775  0.0775  0.0000 - |Sample:0.73|  |  00:07mins
EPOCH[228/1000] loss 0.0775  0.0775  0.0000 - |Sample:0.64|  |  00:07mins
EPOCH[229/1000] loss 0.0767  0.0767  0.0000 - |Sample:0.74|  |  00:07mins
EPOCH[230/1000] loss 0.0764  0.0764  0.0000 - |Sample:0.73|  |  00:07mins
====================================================
[TEST]
====================================================
Testing EPOCH[231/1000] | Results Top-k (pre, recall, ndcg): 0.04088, 0.06206, 0.06464
EPOCH[231/1000] loss 0.0768  0.0768  0.0000 - |Sample:0.64|  |  00:10mins
EPOCH[232/1000] loss 0.0777  0.0777  0.0000 - |Sample:0.73|  |  00:07mins
EPOCH[233/1000] loss 0.0758  0.0758  0.0000 - |Sample:0.72|  |  00:07mins
EPOCH[234/1000] loss 0.0757  0.0757  0.0000 - |Sample:0.64|  |  00:07mins
EPOCH[235/1000] loss 0.0754  0.0754  0.0000 - |Sample:0.73|  |  00:07mins
EPOCH[236/1000] loss 0.0748  0.0748  0.0000 - |Sample:0.72|  |  00:07mins
EPOCH[237/1000] loss 0.0750  0.0750  0.0000 - |Sample:0.64|  |  00:07mins
EPOCH[238/1000] loss 0.0738  0.0738  0.0000 - |Sample:0.73|  |  00:07mins
EPOCH[239/1000] loss 0.0725  0.0725  0.0000 - |Sample:0.73|  |  00:07mins
EPOCH[240/1000] loss 0.0761  0.0761  0.0000 - |Sample:0.63|  |  00:07mins
====================================================
[TEST]
====================================================
Testing EPOCH[241/1000] | Results Top-k (pre, recall, ndcg): 0.04146, 0.06334, 0.06522
EPOCH[241/1000] loss 0.0750  0.0750  0.0000 - |Sample:0.72|  |  00:10mins
EPOCH[242/1000] loss 0.0738  0.0738  0.0000 - |Sample:0.75|  |  00:07mins
EPOCH[243/1000] loss 0.0733  0.0733  0.0000 - |Sample:0.63|  |  00:07mins
EPOCH[244/1000] loss 0.0741  0.0741  0.0000 - |Sample:0.72|  |  00:07mins
EPOCH[245/1000] loss 0.0708  0.0708  0.0000 - |Sample:0.72|  |  00:07mins
EPOCH[246/1000] loss 0.0719  0.0719  0.0000 - |Sample:0.64|  |  00:07mins
EPOCH[247/1000] loss 0.0736  0.0736  0.0000 - |Sample:0.72|  |  00:07mins
EPOCH[248/1000] loss 0.0720  0.0720  0.0000 - |Sample:0.74|  |  00:07mins
EPOCH[249/1000] loss 0.0705  0.0705  0.0000 - |Sample:0.64|  |  00:07mins
EPOCH[250/1000] loss 0.0718  0.0718  0.0000 - |Sample:0.73|  |  00:07mins
====================================================
[TEST]
====================================================
Testing EPOCH[251/1000] | Results Top-k (pre, recall, ndcg): 0.04152, 0.0632, 0.06518
EPOCH[251/1000] loss 0.0726  0.0726  0.0000 - |Sample:0.72|  |  00:10mins
EPOCH[252/1000] loss 0.0724  0.0724  0.0000 - |Sample:0.64|  |  00:07mins
EPOCH[253/1000] loss 0.0696  0.0696  0.0000 - |Sample:0.73|  |  00:07mins
EPOCH[254/1000] loss 0.0712  0.0712  0.0000 - |Sample:0.72|  |  00:07mins
EPOCH[255/1000] loss 0.0727  0.0727  0.0000 - |Sample:0.64|  |  00:07mins
EPOCH[256/1000] loss 0.0713  0.0713  0.0000 - |Sample:0.74|  |  00:07mins
EPOCH[257/1000] loss 0.0717  0.0717  0.0000 - |Sample:0.73|  |  00:07mins
EPOCH[258/1000] loss 0.0713  0.0713  0.0000 - |Sample:0.64|  |  00:07mins
EPOCH[259/1000] loss 0.0696  0.0696  0.0000 - |Sample:0.72|  |  00:07mins
EPOCH[260/1000] loss 0.0719  0.0719  0.0000 - |Sample:0.72|  |  00:07mins
====================================================
[TEST]
====================================================
Testing EPOCH[261/1000] | Results Top-k (pre, recall, ndcg): 0.04099, 0.06204, 0.06515
EPOCH[261/1000] loss 0.0694  0.0694  0.0000 - |Sample:0.73|  |  00:10mins
EPOCH[262/1000] loss 0.0694  0.0694  0.0000 - |Sample:0.64|  |  00:07mins
EPOCH[263/1000] loss 0.0707  0.0707  0.0000 - |Sample:0.75|  |  00:07mins
EPOCH[264/1000] loss 0.0713  0.0713  0.0000 - |Sample:0.64|  |  00:07mins
EPOCH[265/1000] loss 0.0697  0.0697  0.0000 - |Sample:0.72|  |  00:07mins
EPOCH[266/1000] loss 0.0690  0.0690  0.0000 - |Sample:0.73|  |  00:07mins
EPOCH[267/1000] loss 0.0702  0.0702  0.0000 - |Sample:0.73|  |  00:07mins
EPOCH[268/1000] loss 0.0684  0.0684  0.0000 - |Sample:0.64|  |  00:07mins
EPOCH[269/1000] loss 0.0704  0.0704  0.0000 - |Sample:0.74|  |  00:07mins
EPOCH[270/1000] loss 0.0696  0.0696  0.0000 - |Sample:0.73|  |  00:07mins
====================================================
[TEST]
====================================================
Testing EPOCH[271/1000] | Results Top-k (pre, recall, ndcg): 0.04104, 0.06165, 0.06449
EPOCH[271/1000] loss 0.0667  0.0667  0.0000 - |Sample:0.64|  |  00:10mins
EPOCH[272/1000] loss 0.0698  0.0698  0.0000 - |Sample:0.73|  |  00:07mins
EPOCH[273/1000] loss 0.0684  0.0684  0.0000 - |Sample:0.72|  |  00:07mins
EPOCH[274/1000] loss 0.0696  0.0696  0.0000 - |Sample:0.64|  |  00:07mins
EPOCH[275/1000] loss 0.0680  0.0680  0.0000 - |Sample:0.74|  |  00:07mins
EPOCH[276/1000] loss 0.0655  0.0655  0.0000 - |Sample:0.73|  |  00:07mins
EPOCH[277/1000] loss 0.0675  0.0675  0.0000 - |Sample:0.63|  |  00:07mins
EPOCH[278/1000] loss 0.0666  0.0666  0.0000 - |Sample:0.73|  |  00:07mins
EPOCH[279/1000] loss 0.0669  0.0669  0.0000 - |Sample:0.72|  |  00:07mins
EPOCH[280/1000] loss 0.0670  0.0670  0.0000 - |Sample:0.64|  |  00:07mins
====================================================
[TEST]
====================================================
Testing EPOCH[281/1000] | Results Top-k (pre, recall, ndcg): 0.04099, 0.06129, 0.06416
EPOCH[281/1000] loss 0.0684  0.0684  0.0000 - |Sample:0.72|  |  00:10mins
EPOCH[282/1000] loss 0.0665  0.0665  0.0000 - |Sample:0.75|  |  00:07mins
EPOCH[283/1000] loss 0.0664  0.0664  0.0000 - |Sample:0.64|  |  00:07mins
EPOCH[284/1000] loss 0.0654  0.0654  0.0000 - |Sample:0.73|  |  00:07mins
EPOCH[285/1000] loss 0.0655  0.0655  0.0000 - |Sample:0.72|  |  00:07mins
EPOCH[286/1000] loss 0.0644  0.0644  0.0000 - |Sample:0.64|  |  00:07mins
EPOCH[287/1000] loss 0.0658  0.0658  0.0000 - |Sample:0.72|  |  00:07mins
EPOCH[288/1000] loss 0.0654  0.0654  0.0000 - |Sample:0.72|  |  00:07mins
EPOCH[289/1000] loss 0.0649  0.0649  0.0000 - |Sample:0.64|  |  00:07mins
EPOCH[290/1000] loss 0.0658  0.0658  0.0000 - |Sample:0.74|  |  00:07mins
====================================================
[TEST]
====================================================
Testing EPOCH[291/1000] | Results Top-k (pre, recall, ndcg): 0.04146, 0.06189, 0.06426
EPOCH[291/1000] loss 0.0656  0.0656  0.0000 - |Sample:0.73|  |  00:10mins
EPOCH[292/1000] loss 0.0653  0.0653  0.0000 - |Sample:0.64|  |  00:07mins
EPOCH[293/1000] loss 0.0636  0.0636  0.0000 - |Sample:0.73|  |  00:07mins
EPOCH[294/1000] loss 0.0650  0.0650  0.0000 - |Sample:0.72|  |  00:07mins
EPOCH[295/1000] loss 0.0645  0.0645  0.0000 - |Sample:0.64|  |  00:07mins
EPOCH[296/1000] loss 0.0637  0.0637  0.0000 - |Sample:0.74|  |  00:07mins
EPOCH[297/1000] loss 0.0643  0.0643  0.0000 - |Sample:0.73|  |  00:07mins
EPOCH[298/1000] loss 0.0646  0.0646  0.0000 - |Sample:0.64|  |  00:07mins
EPOCH[299/1000] loss 0.0644  0.0644  0.0000 - |Sample:0.73|  |  00:07mins
EPOCH[300/1000] loss 0.0640  0.0640  0.0000 - |Sample:0.72|  |  00:07mins
====================================================
[TEST]
====================================================
Testing EPOCH[301/1000] | Results Top-k (pre, recall, ndcg): 0.04136, 0.06161, 0.06382
EPOCH[301/1000] loss 0.0646  0.0646  0.0000 - |Sample:0.73|  |  00:10mins
EPOCH[302/1000] loss 0.0637  0.0637  0.0000 - |Sample:0.64|  |  00:07mins
EPOCH[303/1000] loss 0.0638  0.0638  0.0000 - |Sample:0.74|  |  00:07mins
EPOCH[304/1000] loss 0.0621  0.0621  0.0000 - |Sample:0.64|  |  00:07mins
EPOCH[305/1000] loss 0.0638  0.0638  0.0000 - |Sample:0.73|  |  00:07mins
EPOCH[306/1000] loss 0.0646  0.0646  0.0000 - |Sample:0.73|  |  00:07mins
EPOCH[307/1000] loss 0.0615  0.0615  0.0000 - |Sample:0.72|  |  00:07mins
EPOCH[308/1000] loss 0.0619  0.0619  0.0000 - |Sample:0.63|  |  00:07mins
EPOCH[309/1000] loss 0.0638  0.0638  0.0000 - |Sample:0.72|  |  00:07mins
EPOCH[310/1000] loss 0.0623  0.0623  0.0000 - |Sample:0.73|  |  00:07mins
====================================================
[TEST]
====================================================
Testing EPOCH[311/1000] | Results Top-k (pre, recall, ndcg): 0.04083, 0.06079, 0.0632
EPOCH[311/1000] loss 0.0624  0.0624  0.0000 - |Sample:0.63|  |  00:10mins
EPOCH[312/1000] loss 0.0621  0.0621  0.0000 - |Sample:0.76|  |  00:07mins
EPOCH[313/1000] loss 0.0636  0.0636  0.0000 - |Sample:0.72|  |  00:07mins
EPOCH[314/1000] loss 0.0634  0.0634  0.0000 - |Sample:0.63|  |  00:07mins
EPOCH[315/1000] loss 0.0618  0.0618  0.0000 - |Sample:0.72|  |  00:07mins
EPOCH[316/1000] loss 0.0654  0.0654  0.0000 - |Sample:0.73|  |  00:07mins
EPOCH[317/1000] loss 0.0609  0.0609  0.0000 - |Sample:0.64|  |  00:07mins
EPOCH[318/1000] loss 0.0612  0.0612  0.0000 - |Sample:0.74|  |  00:07mins
EPOCH[319/1000] loss 0.0628  0.0628  0.0000 - |Sample:0.72|  |  00:07mins
EPOCH[320/1000] loss 0.0608  0.0608  0.0000 - |Sample:0.64|  |  00:07mins
====================================================
[TEST]
====================================================
Testing EPOCH[321/1000] | Results Top-k (pre, recall, ndcg): 0.04046, 0.06062, 0.0628
EPOCH[321/1000] loss 0.0626  0.0626  0.0000 - |Sample:0.72|  |  00:10mins
EPOCH[322/1000] loss 0.0607  0.0607  0.0000 - |Sample:0.74|  |  00:07mins
EPOCH[323/1000] loss 0.0610  0.0610  0.0000 - |Sample:0.64|  |  00:07mins
EPOCH[324/1000] loss 0.0611  0.0611  0.0000 - |Sample:0.74|  |  00:07mins
EPOCH[325/1000] loss 0.0595  0.0595  0.0000 - |Sample:0.73|  |  00:07mins
EPOCH[326/1000] loss 0.0607  0.0607  0.0000 - |Sample:0.64|  |  00:07mins
EPOCH[327/1000] loss 0.0604  0.0604  0.0000 - |Sample:0.72|  |  00:07mins
EPOCH[328/1000] loss 0.0620  0.0620  0.0000 - |Sample:0.73|  |  00:07mins
EPOCH[329/1000] loss 0.0613  0.0613  0.0000 - |Sample:0.64|  |  00:07mins
EPOCH[330/1000] loss 0.0608  0.0608  0.0000 - |Sample:0.72|  |  00:07mins
====================================================
[TEST]
====================================================
Testing EPOCH[331/1000] | Results Top-k (pre, recall, ndcg): 0.04067, 0.0604, 0.06278
EPOCH[331/1000] loss 0.0599  0.0599  0.0000 - |Sample:0.75|  |  00:10mins
EPOCH[332/1000] loss 0.0598  0.0598  0.0000 - |Sample:0.63|  |  00:07mins
EPOCH[333/1000] loss 0.0572  0.0572  0.0000 - |Sample:0.73|  |  00:07mins
EPOCH[334/1000] loss 0.0594  0.0594  0.0000 - |Sample:0.72|  |  00:07mins
EPOCH[335/1000] loss 0.0578  0.0578  0.0000 - |Sample:0.63|  |  00:07mins
EPOCH[336/1000] loss 0.0582  0.0582  0.0000 - |Sample:0.71|  |  00:07mins
EPOCH[337/1000] loss 0.0584  0.0584  0.0000 - |Sample:0.74|  |  00:07mins
EPOCH[338/1000] loss 0.0592  0.0592  0.0000 - |Sample:0.64|  |  00:07mins
EPOCH[339/1000] loss 0.0588  0.0588  0.0000 - |Sample:0.72|  |  00:07mins
EPOCH[340/1000] loss 0.0570  0.0570  0.0000 - |Sample:0.72|  |  00:07mins
====================================================
[TEST]
====================================================
Testing EPOCH[341/1000] | Results Top-k (pre, recall, ndcg): 0.0404, 0.05985, 0.06255
EPOCH[341/1000] loss 0.0596  0.0596  0.0000 - |Sample:0.73|  |  00:10mins
EPOCH[342/1000] loss 0.0598  0.0598  0.0000 - |Sample:0.64|  |  00:07mins
EPOCH[343/1000] loss 0.0595  0.0595  0.0000 - |Sample:0.74|  |  00:07mins
EPOCH[344/1000] loss 0.0570  0.0570  0.0000 - |Sample:0.63|  |  00:07mins
EPOCH[345/1000] loss 0.0584  0.0584  0.0000 - |Sample:0.74|  |  00:07mins
EPOCH[346/1000] loss 0.0578  0.0578  0.0000 - |Sample:0.73|  |  00:07mins
EPOCH[347/1000] loss 0.0596  0.0596  0.0000 - |Sample:0.73|  |  00:07mins
EPOCH[348/1000] loss 0.0586  0.0586  0.0000 - |Sample:0.63|  |  00:07mins
EPOCH[349/1000] loss 0.0594  0.0594  0.0000 - |Sample:0.72|  |  00:07mins
EPOCH[350/1000] loss 0.0578  0.0578  0.0000 - |Sample:0.72|  |  00:07mins
====================================================
[TEST]
====================================================
Testing EPOCH[351/1000] | Results Top-k (pre, recall, ndcg): 0.04051, 0.06008, 0.06188
EPOCH[351/1000] loss 0.0582  0.0582  0.0000 - |Sample:0.63|  |  00:10mins
EPOCH[352/1000] loss 0.0571  0.0571  0.0000 - |Sample:0.75|  |  00:07mins
EPOCH[353/1000] loss 0.0587  0.0587  0.0000 - |Sample:0.73|  |  00:07mins
EPOCH[354/1000] loss 0.0555  0.0555  0.0000 - |Sample:0.63|  |  00:07mins
EPOCH[355/1000] loss 0.0585  0.0585  0.0000 - |Sample:0.72|  |  00:07mins
EPOCH[356/1000] loss 0.0565  0.0565  0.0000 - |Sample:0.73|  |  00:07mins
EPOCH[357/1000] loss 0.0577  0.0577  0.0000 - |Sample:0.63|  |  00:07mins
EPOCH[358/1000] loss 0.0583  0.0583  0.0000 - |Sample:0.74|  |  00:07mins
EPOCH[359/1000] loss 0.0575  0.0575  0.0000 - |Sample:0.73|  |  00:07mins
EPOCH[360/1000] loss 0.0558  0.0558  0.0000 - |Sample:0.64|  |  00:07mins
====================================================
[TEST]
====================================================
Testing EPOCH[361/1000] | Results Top-k (pre, recall, ndcg): 0.04056, 0.05992, 0.0618
EPOCH[361/1000] loss 0.0557  0.0557  0.0000 - |Sample:0.72|  |  00:10mins
EPOCH[362/1000] loss 0.0553  0.0553  0.0000 - |Sample:0.73|  |  00:07mins
EPOCH[363/1000] loss 0.0566  0.0566  0.0000 - |Sample:0.64|  |  00:07mins
EPOCH[364/1000] loss 0.0563  0.0563  0.0000 - |Sample:0.74|  |  00:07mins
EPOCH[365/1000] loss 0.0581  0.0581  0.0000 - |Sample:0.72|  |  00:07mins
EPOCH[366/1000] loss 0.0569  0.0569  0.0000 - |Sample:0.64|  |  00:07mins
EPOCH[367/1000] loss 0.0549  0.0549  0.0000 - |Sample:0.72|  |  00:07mins
EPOCH[368/1000] loss 0.0572  0.0572  0.0000 - |Sample:0.72|  |  00:07mins
EPOCH[369/1000] loss 0.0557  0.0557  0.0000 - |Sample:0.63|  |  00:07mins
EPOCH[370/1000] loss 0.0563  0.0563  0.0000 - |Sample:0.72|  |  00:07mins
====================================================
[TEST]
====================================================
Testing EPOCH[371/1000] | Results Top-k (pre, recall, ndcg): 0.0404, 0.05994, 0.06215
EPOCH[371/1000] loss 0.0532  0.0532  0.0000 - |Sample:0.74|  |  00:10mins
EPOCH[372/1000] loss 0.0576  0.0576  0.0000 - |Sample:0.63|  |  00:07mins
EPOCH[373/1000] loss 0.0566  0.0566  0.0000 - |Sample:0.74|  |  00:07mins
EPOCH[374/1000] loss 0.0565  0.0565  0.0000 - |Sample:0.72|  |  00:07mins
EPOCH[375/1000] loss 0.0570  0.0570  0.0000 - |Sample:0.64|  |  00:07mins
EPOCH[376/1000] loss 0.0548  0.0548  0.0000 - |Sample:0.72|  |  00:07mins
EPOCH[377/1000] loss 0.0547  0.0547  0.0000 - |Sample:0.74|  |  00:07mins
EPOCH[378/1000] loss 0.0558  0.0558  0.0000 - |Sample:0.63|  |  00:07mins
EPOCH[379/1000] loss 0.0541  0.0541  0.0000 - |Sample:0.73|  |  00:07mins
EPOCH[380/1000] loss 0.0554  0.0554  0.0000 - |Sample:0.72|  |  00:07mins
====================================================
[TEST]
====================================================
Testing EPOCH[381/1000] | Results Top-k (pre, recall, ndcg): 0.03998, 0.05923, 0.06161
EPOCH[381/1000] loss 0.0535  0.0535  0.0000 - |Sample:0.73|  |  00:10mins
EPOCH[382/1000] loss 0.0536  0.0536  0.0000 - |Sample:0.63|  |  00:07mins
EPOCH[383/1000] loss 0.0540  0.0540  0.0000 - |Sample:0.73|  |  00:07mins
EPOCH[384/1000] loss 0.0529  0.0529  0.0000 - |Sample:0.63|  |  00:07mins
EPOCH[385/1000] loss 0.0558  0.0558  0.0000 - |Sample:0.73|  |  00:07mins
EPOCH[386/1000] loss 0.0547  0.0547  0.0000 - |Sample:0.73|  |  00:07mins
EPOCH[387/1000] loss 0.0561  0.0561  0.0000 - |Sample:0.72|  |  00:07mins
EPOCH[388/1000] loss 0.0546  0.0546  0.0000 - |Sample:0.64|  |  00:07mins
EPOCH[389/1000] loss 0.0543  0.0543  0.0000 - |Sample:0.72|  |  00:07mins
EPOCH[390/1000] loss 0.0541  0.0541  0.0000 - |Sample:0.72|  |  00:07mins
====================================================
[TEST]
====================================================
Testing EPOCH[391/1000] | Results Top-k (pre, recall, ndcg): 0.03993, 0.05961, 0.06144
EPOCH[391/1000] loss 0.0539  0.0539  0.0000 - |Sample:0.63|  |  00:09mins
EPOCH[392/1000] loss 0.0530  0.0530  0.0000 - |Sample:0.75|  |  00:07mins
EPOCH[393/1000] loss 0.0527  0.0527  0.0000 - |Sample:0.73|  |  00:07mins
EPOCH[394/1000] loss 0.0517  0.0517  0.0000 - |Sample:0.64|  |  00:07mins
EPOCH[395/1000] loss 0.0543  0.0543  0.0000 - |Sample:0.72|  |  00:07mins
EPOCH[396/1000] loss 0.0532  0.0532  0.0000 - |Sample:0.73|  |  00:07mins
EPOCH[397/1000] loss 0.0532  0.0532  0.0000 - |Sample:0.63|  |  00:07mins
EPOCH[398/1000] loss 0.0526  0.0526  0.0000 - |Sample:0.74|  |  00:07mins
EPOCH[399/1000] loss 0.0551  0.0551  0.0000 - |Sample:0.73|  |  00:07mins
EPOCH[400/1000] loss 0.0536  0.0536  0.0000 - |Sample:0.64|  |  00:07mins
====================================================
[TEST]
====================================================
Testing EPOCH[401/1000] | Results Top-k (pre, recall, ndcg): 0.03982, 0.05906, 0.06099
EPOCH[401/1000] loss 0.0524  0.0524  0.0000 - |Sample:0.72|  |  00:10mins
EPOCH[402/1000] loss 0.0540  0.0540  0.0000 - |Sample:0.73|  |  00:07mins
EPOCH[403/1000] loss 0.0524  0.0524  0.0000 - |Sample:0.64|  |  00:07mins
EPOCH[404/1000] loss 0.0541  0.0541  0.0000 - |Sample:0.75|  |  00:07mins
EPOCH[405/1000] loss 0.0547  0.0547  0.0000 - |Sample:0.72|  |  00:07mins
EPOCH[406/1000] loss 0.0525  0.0525  0.0000 - |Sample:0.64|  |  00:07mins
EPOCH[407/1000] loss 0.0510  0.0510  0.0000 - |Sample:0.72|  |  00:07mins
EPOCH[408/1000] loss 0.0520  0.0520  0.0000 - |Sample:0.72|  |  00:07mins
EPOCH[409/1000] loss 0.0521  0.0521  0.0000 - |Sample:0.64|  |  00:07mins
EPOCH[410/1000] loss 0.0529  0.0529  0.0000 - |Sample:0.72|  |  00:07mins
====================================================
[TEST]
====================================================
Testing EPOCH[411/1000] | Results Top-k (pre, recall, ndcg): 0.03987, 0.05928, 0.06089
EPOCH[411/1000] loss 0.0493  0.0493  0.0000 - |Sample:0.73|  |  00:10mins
EPOCH[412/1000] loss 0.0540  0.0540  0.0000 - |Sample:0.63|  |  00:07mins
EPOCH[413/1000] loss 0.0534  0.0534  0.0000 - |Sample:0.73|  |  00:07mins
EPOCH[414/1000] loss 0.0513  0.0513  0.0000 - |Sample:0.72|  |  00:07mins
EPOCH[415/1000] loss 0.0527  0.0527  0.0000 - |Sample:0.63|  |  00:07mins
EPOCH[416/1000] loss 0.0538  0.0538  0.0000 - |Sample:0.72|  |  00:07mins
EPOCH[417/1000] loss 0.0527  0.0527  0.0000 - |Sample:0.73|  |  00:07mins
EPOCH[418/1000] loss 0.0524  0.0524  0.0000 - |Sample:0.63|  |  00:07mins
EPOCH[419/1000] loss 0.0523  0.0523  0.0000 - |Sample:0.72|  |  00:07mins
EPOCH[420/1000] loss 0.0525  0.0525  0.0000 - |Sample:0.71|  |  00:07mins
====================================================
[TEST]
====================================================
Testing EPOCH[421/1000] | Results Top-k (pre, recall, ndcg): 0.0394, 0.05859, 0.06057
EPOCH[421/1000] loss 0.0527  0.0527  0.0000 - |Sample:0.72|  |  00:10mins
EPOCH[422/1000] loss 0.0512  0.0512  0.0000 - |Sample:0.63|  |  00:07mins
EPOCH[423/1000] loss 0.0531  0.0531  0.0000 - |Sample:0.73|  |  00:07mins
EPOCH[424/1000] loss 0.0506  0.0506  0.0000 - |Sample:0.63|  |  00:07mins
EPOCH[425/1000] loss 0.0512  0.0512  0.0000 - |Sample:0.73|  |  00:07mins
EPOCH[426/1000] loss 0.0515  0.0515  0.0000 - |Sample:0.72|  |  00:07mins
EPOCH[427/1000] loss 0.0526  0.0526  0.0000 - |Sample:0.72|  |  00:07mins
EPOCH[428/1000] loss 0.0528  0.0528  0.0000 - |Sample:0.63|  |  00:07mins
EPOCH[429/1000] loss 0.0520  0.0520  0.0000 - |Sample:0.72|  |  00:07mins
EPOCH[430/1000] loss 0.0518  0.0518  0.0000 - |Sample:0.71|  |  00:07mins
