init dataset ProcessedDataset
{'name': 'IGCN', 'embedding_size': 64, 'n_layers': 3, 'device': device(type='cuda'), 'dropout': 0.0, 'feature_ratio': 1.0, 'dataset': <dataset.ProcessedDataset object at 0x2b1fbb9242e0>}

[역전파 전 임베딩]
Parameter containing:
tensor([[ 0.0025,  0.0738,  0.0055,  ...,  0.0635, -0.0369, -0.0049],
        [ 0.0843, -0.0478,  0.3807,  ...,  0.0058, -0.0305,  0.0839],
        [-0.0636, -0.0423, -0.0498,  ..., -0.0636,  0.0171,  0.0134],
        ...,
        [-0.2254,  0.0618,  0.0828,  ...,  0.0664,  0.0531,  0.0291],
        [-0.1213,  0.0710, -0.1413,  ..., -0.2955, -0.1333,  0.0972],
        [-0.0226,  0.0714, -0.1044,  ...,  0.0286,  0.0615,  0.0215]],
       device='cuda:0', requires_grad=True)

[역전파 후 임베딩]
Parameter containing:
tensor([[ 0.0035,  0.0728,  0.0045,  ...,  0.0625, -0.0359, -0.0039],
        [ 0.0853, -0.0488,  0.3797,  ...,  0.0048, -0.0295,  0.0849],
        [-0.0626, -0.0433, -0.0508,  ..., -0.0646,  0.0181,  0.0144],
        ...,
        [-0.2244,  0.0627,  0.0818,  ...,  0.0655,  0.0541,  0.0301],
        [-0.1203,  0.0700, -0.1423,  ..., -0.2965, -0.1323,  0.0982],
        [-0.0216,  0.0704, -0.1054,  ...,  0.0276,  0.0625,  0.0225]],
       device='cuda:0', requires_grad=True)
