init dataset ProcessedDataset
{'name': 'IGCN', 'embedding_size': 64, 'n_layers': 3, 'device': device(type='cuda'), 'dropout': 0.0, 'feature_ratio': 1.0, 'dataset': <dataset.ProcessedDataset object at 0x2ad40a5e4310>}


[feat_mat의 인덱스 확인]
tensor([2577, 2578, 2578, 2579, 2580, 2581, 2581, 2582, 2582, 2582, 2583, 2583,
        2584, 2585, 2585, 2586, 2586, 2586, 2586, 2586, 2587, 2587, 2587, 2588,
        2588, 2589, 2589, 2589, 2590, 2591, 2591, 2592, 2592, 2593, 2594, 2595,
        2595, 2595, 2596, 2596, 2597, 2598, 2598, 2599, 2599, 2600, 2600, 2601,
        2601, 2601, 2601, 2602, 2602, 2603, 2603, 2604, 2604, 2605, 2605, 2605,
        2606, 2606, 2607, 2607, 2607, 2607, 2608, 2608, 2609, 2609, 2610, 2610,
        2611, 2611, 2612, 2612, 2613, 2613, 2614, 2614, 2615, 2615, 2615, 2616,
        2616, 2617, 2617, 2618, 2618, 2619, 2620, 2620, 2621, 2621, 2622, 2623,
        2624, 2624, 2625, 2625], device='cuda:0')
tensor([2627,  654, 2627, 2627, 2627,  654, 2627,  654,  917, 2627,  654, 2627,
        2627,  706, 2627,  654,  698,  781,  900, 2627,  654,  781, 2627,  654,
        2627,  654,  827, 2627, 2627,  654, 2627,  654, 2627, 2627, 2627,  755,
         781, 2627,  674, 2627, 2627,  681, 2627,  882, 2627,  726, 2627,  732,
         781,  893, 2627,  746, 2627,  746, 2627,  750, 2627,  761,  781, 2627,
         781, 2627,  781,  838,  879, 2627,  781, 2627,  781, 2627,  781, 2627,
         781, 2627,  781, 2627,  781, 2627,  786, 2627,  827,  895, 2627,  834,
        2627,  839, 2627,  850, 2627, 2627,  853, 2627,  862, 2627, 2627, 2627,
         895, 2627,  915, 2627], device='cuda:0')





[norm_adj의 인덱스 확인]
tensor([2553, 2553, 2554, 2554, 2555, 2555, 2555, 2555, 2556, 2557, 2558, 2558,
        2558, 2558, 2558, 2558, 2559, 2560, 2560, 2561, 2563, 2563, 2563, 2563,
        2563, 2563, 2563, 2563, 2564, 2565, 2565, 2565, 2566, 2566, 2566, 2567,
        2568, 2569, 2570, 2571, 2571, 2571, 2572, 2573, 2574, 2574, 2575, 2576,
        2577, 2578, 2581, 2582, 2582, 2583, 2585, 2586, 2586, 2586, 2586, 2587,
        2587, 2588, 2589, 2589, 2591, 2592, 2595, 2595, 2596, 2598, 2599, 2600,
        2601, 2601, 2601, 2602, 2603, 2604, 2605, 2605, 2606, 2607, 2607, 2607,
        2608, 2609, 2610, 2611, 2612, 2613, 2614, 2615, 2615, 2616, 2617, 2618,
        2620, 2621, 2624, 2625], device='cuda:0')
tensor([643, 781, 485, 781, 488, 518, 616, 919, 488, 495, 496, 698, 748, 803,
        806, 851, 499, 518, 723, 527, 549, 551, 591, 643, 673, 781, 879, 900,
        550, 564, 827, 895, 584, 591, 654, 586, 586, 647, 649, 654, 674, 832,
        654, 654, 654, 746, 654, 654, 654, 654, 654, 654, 917, 654, 706, 654,
        698, 781, 900, 654, 781, 654, 654, 827, 654, 654, 755, 781, 674, 681,
        882, 726, 732, 781, 893, 746, 746, 750, 761, 781, 781, 781, 838, 879,
        781, 781, 781, 781, 781, 781, 786, 827, 895, 834, 839, 850, 853, 862,
        895, 915], device='cuda:0')


[간선 가중치 확인]
tensor([0.1005, 0.0424, 0.0575, 0.0520, 0.0536, 0.0801, 0.0539, 0.1118, 0.1072,
        0.0985, 0.0273, 0.0374, 0.0261, 0.0251, 0.0320, 0.0654, 0.0745, 0.1132,
        0.0857, 0.1543, 0.0625, 0.0432, 0.0208, 0.0615, 0.0625, 0.0260, 0.0206,
        0.0355, 0.0612, 0.1091, 0.0634, 0.0340, 0.0722, 0.0340, 0.0247, 0.1132,
        0.1132, 0.0650, 0.0635, 0.0247, 0.1111, 0.0396, 0.0427, 0.0427, 0.0302,
        0.0462, 0.0427, 0.0427, 0.0427, 0.0427, 0.0427, 0.0302, 0.0781, 0.0427,
        0.0729, 0.0214, 0.0458, 0.0368, 0.0503, 0.0302, 0.0520, 0.0427, 0.0302,
        0.0776, 0.0427, 0.0427, 0.0758, 0.0520, 0.1925, 0.0560, 0.0684, 0.0624,
        0.0626, 0.0424, 0.0412, 0.0654, 0.0654, 0.0864, 0.1768, 0.0520, 0.0735,
        0.0424, 0.0861, 0.0337, 0.0735, 0.0735, 0.0735, 0.0735, 0.0735, 0.0735,
        0.1491, 0.0776, 0.0416, 0.1111, 0.0798, 0.0774, 0.0760, 0.1085, 0.0588,
        0.0629], device='cuda:0')
