/home1/prof/hwang1/miniconda3/envs/seokhwi2/lib/python3.8/site-packages/torch/utils/data/dataloader.py:563: UserWarning: This DataLoader will create 6 worker processes in total. Our suggested max number of worker in current system is 1, which is smaller than what this DataLoader is going to create. Please be aware that excessive worker creation might get DataLoader running slow or even freeze, lower the worker number to avoid potential slowness/freeze if necessary.
  warnings.warn(_create_warning_msg(
Traceback (most recent call last):
  File "./inmo_code/hyperparameter/igcn_tuning.py", line 70, in <module>
    main()
  File "./inmo_code/hyperparameter/igcn_tuning.py", line 51, in main
    ndcg = fitness(params['lr'], params['l2_reg'], params['dropout'], params['aux_reg'])
  File "./inmo_code/hyperparameter/igcn_tuning.py", line 37, in fitness
    return trainer.train()
  File "/home1/prof/hwang1/seokhwi/gnn-recommender/experiment/main/inmo-gtn/inmo_code/trainer.py", line 100, in train
    self.model.save(self.save_path)
  File "/home1/prof/hwang1/seokhwi/gnn-recommender/experiment/main/inmo-gtn/inmo_code/model_inmo.py", line 493, in save
    torch.save(params, path)
  File "/home1/prof/hwang1/miniconda3/envs/seokhwi2/lib/python3.8/site-packages/torch/serialization.py", line 376, in save
    with _open_file_like(f, 'wb') as opened_file:
  File "/home1/prof/hwang1/miniconda3/envs/seokhwi2/lib/python3.8/site-packages/torch/serialization.py", line 230, in _open_file_like
    return _open_file(name_or_buffer, mode)
  File "/home1/prof/hwang1/miniconda3/envs/seokhwi2/lib/python3.8/site-packages/torch/serialization.py", line 211, in __init__
    super(_open_file, self).__init__(open(name, mode))
FileNotFoundError: [Errno 2] No such file or directory: 'checkpoints/IGCN_IGCNTrainer_ProcessedDataset_10.387.pth'
